/******************************************************************/
/*  2016-02-02 16:39:03,985  INFO  IPCC 
/*   - ################### query status:On Break
/******************************************************************/

/******************************************************************/
/*  2016-02-02 16:39:04,094  INFO  IPCC 
/*   - ################### _HeatbeatExtNoOnline query status:On Break
/******************************************************************/

/******************************************************************/
/*  2016-02-02 16:39:04,288  INFO  IPCC 
/*   - ################### checkin:-ERR:Cannot execute script
/******************************************************************/

/******************************************************************/
/*  2016-02-02 16:39:10,986  INFO  IPCC 
/*   - ################### _HeatbeatExtNoOnline query status:On Break
/******************************************************************/

/******************************************************************/
/*  2016-02-02 16:39:17,857  INFO  IPCC 
/*   - ################### _HeatbeatExtNoOnline query status:On Break
/******************************************************************/

/******************************************************************/
/*  2016-02-02 16:44:52,291  INFO  IPCC 
/*   - ################### query status:On Break
/******************************************************************/

/******************************************************************/
/*  2016-02-02 16:44:52,389  INFO  IPCC 
/*   - ################### _HeatbeatExtNoOnline query status:On Break
/******************************************************************/

/******************************************************************/
/*  2016-02-02 16:44:52,395  INFO  IPCC 
/*   - ################### checkin:-ERR:Cannot execute script
/******************************************************************/

/******************************************************************/
/*  2016-02-02 16:44:59,288  INFO  IPCC 
/*   - ################### _HeatbeatExtNoOnline query status:On Break
/******************************************************************/

/******************************************************************/
/*  2016-02-02 16:45:06,283  INFO  IPCC 
/*   - ################### _HeatbeatExtNoOnline query status:On Break
/******************************************************************/

/******************************************************************/
/*  2016-02-02 16:45:13,284  INFO  IPCC 
/*   - ################### _HeatbeatExtNoOnline query status:On Break
/******************************************************************/

/******************************************************************/
/*  2016-02-02 16:45:20,279  INFO  IPCC 
/*   - ################### _HeatbeatExtNoOnline query status:On Break
/******************************************************************/

/******************************************************************/
/*  2016-02-02 16:46:01,041  INFO  IPCC 
/*   - ################### query status:On Break
/******************************************************************/

/******************************************************************/
/*  2016-02-02 16:46:01,983  INFO  IPCC 
/*   - ################### _HeatbeatExtNoOnline query status:On Break
/******************************************************************/

/******************************************************************/
/*  2016-02-02 16:46:19,603  INFO  IPCC 
/*   - ################### checkin:-ERR:Cannot execute script
/******************************************************************/

/******************************************************************/
/*  2016-02-02 16:46:20,362  INFO  IPCC 
/*   - ################### _HeatbeatExtNoOnline query status:On Break
/******************************************************************/

/******************************************************************/
/*  2016-02-02 16:46:20,425  INFO  IPCC 
/*   - ################### _HeatbeatExtNoOnline query status:On Break
/******************************************************************/

/******************************************************************/
/*  2016-02-02 16:46:26,597  INFO  IPCC 
/*   - ################### _HeatbeatExtNoOnline query status:On Break
/******************************************************************/

/******************************************************************/
/*  2016-02-02 16:46:33,586  INFO  IPCC 
/*   - ################### _HeatbeatExtNoOnline query status:On Break
/******************************************************************/

/******************************************************************/
/*  2016-02-02 16:47:33,313  INFO  IPCC 
/*   - ################### query status:On Break
/******************************************************************/

/******************************************************************/
/*  2016-02-02 16:47:35,708  INFO  IPCC 
/*   - ################### _HeatbeatExtNoOnline query status:On Break
/******************************************************************/

/******************************************************************/
/*  2016-02-02 16:47:35,792  INFO  IPCC 
/*   - ################### checkin:-ERR:Cannot execute script
/******************************************************************/

/******************************************************************/
/*  2016-02-02 16:56:15,831  INFO  IPCC 
/*   - ################### query status:On Break
/******************************************************************/

/******************************************************************/
/*  2016-02-02 16:56:15,955  INFO  IPCC 
/*   - ################### _HeatbeatExtNoOnline query status:On Break
/******************************************************************/

/******************************************************************/
/*  2016-02-02 16:56:17,172  INFO  IPCC 
/*   - ################### checkin:-ERR:Cannot execute script
/******************************************************************/

/******************************************************************/
/*  2016-02-02 16:56:21,756  INFO  IPCC 
/*   - ################### _HeatbeatExtNoOnline query status:On Break
/******************************************************************/

/******************************************************************/
/*  2016-02-02 16:56:28,746  INFO  IPCC 
/*   - ################### _HeatbeatExtNoOnline query status:On Break
/******************************************************************/

/******************************************************************/
/*  2016-02-02 16:56:35,753  INFO  IPCC 
/*   - ################### _HeatbeatExtNoOnline query status:On Break
/******************************************************************/

/******************************************************************/
/*  2016-02-02 16:56:42,748  INFO  IPCC 
/*   - ################### _HeatbeatExtNoOnline query status:On Break
/******************************************************************/

/******************************************************************/
/*  2016-02-02 16:56:49,757  INFO  IPCC 
/*   - ################### _HeatbeatExtNoOnline query status:On Break
/******************************************************************/

/******************************************************************/
/*  2016-02-02 16:56:56,756  INFO  IPCC 
/*   - ################### _HeatbeatExtNoOnline query status:On Break
/******************************************************************/

/******************************************************************/
/*  2016-02-02 16:57:03,750  INFO  IPCC 
/*   - ################### _HeatbeatExtNoOnline query status:On Break
/******************************************************************/

/******************************************************************/
/*  2016-02-02 16:57:36,617  INFO  IPCC 
/*   - ################### query status:On Break
/******************************************************************/

/******************************************************************/
/*  2016-02-02 16:57:37,391  INFO  IPCC 
/*   - ################### checkin:-ERR:Cannot execute script
/******************************************************************/

/******************************************************************/
/*  2016-02-02 16:57:37,391  INFO  IPCC 
/*   - ################### _HeatbeatExtNoOnline query status:On Break
/******************************************************************/

/******************************************************************/
/*  2016-02-02 16:57:42,832  INFO  IPCC 
/*   - ################### _HeatbeatExtNoOnline query status:On Break
/******************************************************************/

/******************************************************************/
/*  2016-02-02 16:57:49,830  INFO  IPCC 
/*   - ################### _HeatbeatExtNoOnline query status:On Break
/******************************************************************/

/******************************************************************/
/*  2016-02-02 16:57:59,835  INFO  IPCC 
/*   - ################### _HeatbeatExtNoOnline query status:On Break
/******************************************************************/

/******************************************************************/
/*  2016-02-02 16:58:03,826  INFO  IPCC 
/*   - ################### _HeatbeatExtNoOnline query status:On Break
/******************************************************************/

/******************************************************************/
/*  2016-02-02 16:58:10,832  INFO  IPCC 
/*   - ################### _HeatbeatExtNoOnline query status:On Break
/******************************************************************/

/******************************************************************/
/*  2016-02-02 16:58:17,832  INFO  IPCC 
/*   - ################### _HeatbeatExtNoOnline query status:On Break
/******************************************************************/

/******************************************************************/
/*  2016-02-02 16:58:24,831  INFO  IPCC 
/*   - ################### _HeatbeatExtNoOnline query status:On Break
/******************************************************************/

/******************************************************************/
/*  2016-02-02 16:58:31,832  INFO  IPCC 
/*   - ################### _HeatbeatExtNoOnline query status:On Break
/******************************************************************/

/******************************************************************/
/*  2016-02-02 16:58:38,829  INFO  IPCC 
/*   - ################### _HeatbeatExtNoOnline query status:On Break
/******************************************************************/

/******************************************************************/
/*  2016-02-02 16:58:45,830  INFO  IPCC 
/*   - ################### _HeatbeatExtNoOnline query status:On Break
/******************************************************************/

/******************************************************************/
/*  2016-02-02 16:58:52,840  INFO  IPCC 
/*   - ################### _HeatbeatExtNoOnline query status:On Break
/******************************************************************/

/******************************************************************/
/*  2016-02-02 16:58:59,836  INFO  IPCC 
/*   - ################### _HeatbeatExtNoOnline query status:On Break
/******************************************************************/

/******************************************************************/
/*  2016-02-02 16:59:06,843  INFO  IPCC 
/*   - ################### _HeatbeatExtNoOnline query status:On Break
/******************************************************************/

/******************************************************************/
/*  2016-02-02 16:59:13,828  INFO  IPCC 
/*   - ################### _HeatbeatExtNoOnline query status:On Break
/******************************************************************/

/******************************************************************/
/*  2016-02-02 16:59:20,836  INFO  IPCC 
/*   - ################### _HeatbeatExtNoOnline query status:On Break
/******************************************************************/

/******************************************************************/
/*  2016-02-02 16:59:27,868  INFO  IPCC 
/*   - ################### _HeatbeatExtNoOnline query status:On Break
/******************************************************************/

/******************************************************************/
/*  2016-02-02 17:00:09,879  INFO  IPCC 
/*   - ################### query status:On Break
/******************************************************************/

/******************************************************************/
/*  2016-02-02 17:00:14,442  INFO  IPCC 
/*   - ################### _HeatbeatExtNoOnline query status:On Break
/******************************************************************/

/******************************************************************/
/*  2016-02-02 17:00:24,310  INFO  IPCC 
/*   - ################### _HeatbeatExtNoOnline query status:On Break
/******************************************************************/

/******************************************************************/
/*  2016-02-02 17:00:24,383  INFO  IPCC 
/*   - ################### checkin:-ERR:Cannot execute script
/******************************************************************/

/******************************************************************/
/*  2016-02-02 17:00:55,903  INFO  IPCC 
/*   - ################### _HeatbeatExtNoOnline query status:On Break
/******************************************************************/

/******************************************************************/
/*  2016-02-02 17:00:55,974  INFO  IPCC 
/*   - ################### _HeatbeatExtNoOnline query status:On Break
/******************************************************************/

/******************************************************************/
/*  2016-02-02 17:01:02,973  INFO  IPCC 
/*   - ################### _HeatbeatExtNoOnline query status:On Break
/******************************************************************/

/******************************************************************/
/*  2016-02-02 17:01:09,970  INFO  IPCC 
/*   - ################### _HeatbeatExtNoOnline query status:On Break
/******************************************************************/

/******************************************************************/
/*  2016-02-02 17:01:16,991  INFO  IPCC 
/*   - ################### _HeatbeatExtNoOnline query status:On Break
/******************************************************************/

/******************************************************************/
/*  2016-02-02 17:01:23,966  INFO  IPCC 
/*   - ################### _HeatbeatExtNoOnline query status:On Break
/******************************************************************/

/******************************************************************/
/*  2016-02-02 17:01:30,977  INFO  IPCC 
/*   - ################### _HeatbeatExtNoOnline query status:On Break
/******************************************************************/

/******************************************************************/
/*  2016-02-02 17:01:39,351  INFO  IPCC 
/*   - ################### _HeatbeatExtNoOnline query status:On Break
/******************************************************************/

/******************************************************************/
/*  2016-02-02 17:01:44,964  INFO  IPCC 
/*   - ################### _HeatbeatExtNoOnline query status:On Break
/******************************************************************/

/******************************************************************/
/*  2016-02-02 17:01:51,972  INFO  IPCC 
/*   - ################### _HeatbeatExtNoOnline query status:On Break
/******************************************************************/

/******************************************************************/
/*  2016-02-02 17:01:58,970  INFO  IPCC 
/*   - ################### _HeatbeatExtNoOnline query status:On Break
/******************************************************************/

/******************************************************************/
/*  2016-02-02 17:02:05,970  INFO  IPCC 
/*   - ################### _HeatbeatExtNoOnline query status:On Break
/******************************************************************/

/******************************************************************/
/*  2016-02-02 17:02:12,970  INFO  IPCC 
/*   - ################### _HeatbeatExtNoOnline query status:On Break
/******************************************************************/

/******************************************************************/
/*  2016-02-02 17:02:19,978  INFO  IPCC 
/*   - ################### _HeatbeatExtNoOnline query status:On Break
/******************************************************************/

/******************************************************************/
/*  2016-02-02 17:02:26,970  INFO  IPCC 
/*   - ################### _HeatbeatExtNoOnline query status:On Break
/******************************************************************/

/******************************************************************/
/*  2016-02-02 17:02:33,967  INFO  IPCC 
/*   - ################### _HeatbeatExtNoOnline query status:On Break
/******************************************************************/

/******************************************************************/
/*  2016-02-02 17:02:44,188  INFO  IPCC 
/*   - ################### _HeatbeatExtNoOnline query status:On Break
/******************************************************************/

/******************************************************************/
/*  2016-02-02 17:02:47,976  INFO  IPCC 
/*   - ################### _HeatbeatExtNoOnline query status:On Break
/******************************************************************/

/******************************************************************/
/*  2016-02-02 17:02:54,966  INFO  IPCC 
/*   - ################### _HeatbeatExtNoOnline query status:On Break
/******************************************************************/

/******************************************************************/
/*  2016-02-02 17:03:01,977  INFO  IPCC 
/*   - ################### _HeatbeatExtNoOnline query status:On Break
/******************************************************************/

/******************************************************************/
/*  2016-02-02 17:03:08,975  INFO  IPCC 
/*   - ################### _HeatbeatExtNoOnline query status:On Break
/******************************************************************/

/******************************************************************/
/*  2016-02-02 17:03:15,975  INFO  IPCC 
/*   - ################### _HeatbeatExtNoOnline query status:On Break
/******************************************************************/

/******************************************************************/
/*  2016-02-02 17:03:22,973  INFO  IPCC 
/*   - ################### _HeatbeatExtNoOnline query status:On Break
/******************************************************************/

/******************************************************************/
/*  2016-02-02 17:03:29,972  INFO  IPCC 
/*   - ################### _HeatbeatExtNoOnline query status:On Break
/******************************************************************/

/******************************************************************/
/*  2016-02-02 17:03:36,969  INFO  IPCC 
/*   - ################### _HeatbeatExtNoOnline query status:On Break
/******************************************************************/

/******************************************************************/
/*  2016-02-02 17:03:43,971  INFO  IPCC 
/*   - ################### _HeatbeatExtNoOnline query status:On Break
/******************************************************************/

/******************************************************************/
/*  2016-02-02 17:03:50,971  INFO  IPCC 
/*   - ################### _HeatbeatExtNoOnline query status:On Break
/******************************************************************/

/******************************************************************/
/*  2016-02-02 17:03:57,964  INFO  IPCC 
/*   - ################### _HeatbeatExtNoOnline query status:On Break
/******************************************************************/

/******************************************************************/
/*  2016-02-02 17:04:04,966  INFO  IPCC 
/*   - ################### _HeatbeatExtNoOnline query status:On Break
/******************************************************************/

/******************************************************************/
/*  2016-02-02 17:04:11,968  INFO  IPCC 
/*   - ################### _HeatbeatExtNoOnline query status:On Break
/******************************************************************/

/******************************************************************/
/*  2016-02-02 17:04:18,974  INFO  IPCC 
/*   - ################### _HeatbeatExtNoOnline query status:On Break
/******************************************************************/

/******************************************************************/
/*  2016-02-02 17:04:25,972  INFO  IPCC 
/*   - ################### _HeatbeatExtNoOnline query status:On Break
/******************************************************************/

/******************************************************************/
/*  2016-02-02 17:04:32,968  INFO  IPCC 
/*   - ################### _HeatbeatExtNoOnline query status:On Break
/******************************************************************/

/******************************************************************/
/*  2016-02-02 17:04:39,966  INFO  IPCC 
/*   - ################### _HeatbeatExtNoOnline query status:On Break
/******************************************************************/

/******************************************************************/
/*  2016-02-02 17:04:46,973  INFO  IPCC 
/*   - ################### _HeatbeatExtNoOnline query status:On Break
/******************************************************************/

/******************************************************************/
/*  2016-02-02 17:04:53,970  INFO  IPCC 
/*   - ################### _HeatbeatExtNoOnline query status:On Break
/******************************************************************/

/******************************************************************/
/*  2016-02-02 17:05:00,971  INFO  IPCC 
/*   - ################### _HeatbeatExtNoOnline query status:On Break
/******************************************************************/

/******************************************************************/
/*  2016-02-02 17:05:07,971  INFO  IPCC 
/*   - ################### _HeatbeatExtNoOnline query status:On Break
/******************************************************************/

/******************************************************************/
/*  2016-02-02 17:05:14,974  INFO  IPCC 
/*   - ################### _HeatbeatExtNoOnline query status:On Break
/******************************************************************/

/******************************************************************/
/*  2016-02-02 17:05:21,967  INFO  IPCC 
/*   - ################### _HeatbeatExtNoOnline query status:On Break
/******************************************************************/

/******************************************************************/
/*  2016-02-02 17:05:28,966  INFO  IPCC 
/*   - ################### _HeatbeatExtNoOnline query status:On Break
/******************************************************************/

/******************************************************************/
/*  2016-02-02 17:05:35,969  INFO  IPCC 
/*   - ################### _HeatbeatExtNoOnline query status:On Break
/******************************************************************/

/******************************************************************/
/*  2016-02-02 17:05:42,969  INFO  IPCC 
/*   - ################### _HeatbeatExtNoOnline query status:On Break
/******************************************************************/

/******************************************************************/
/*  2016-02-02 17:05:49,968  INFO  IPCC 
/*   - ################### _HeatbeatExtNoOnline query status:On Break
/******************************************************************/

/******************************************************************/
/*  2016-02-02 17:05:56,970  INFO  IPCC 
/*   - ################### _HeatbeatExtNoOnline query status:On Break
/******************************************************************/

/******************************************************************/
/*  2016-02-02 17:06:03,966  INFO  IPCC 
/*   - ################### _HeatbeatExtNoOnline query status:On Break
/******************************************************************/

/******************************************************************/
/*  2016-02-02 17:06:10,974  INFO  IPCC 
/*   - ################### _HeatbeatExtNoOnline query status:On Break
/******************************************************************/

/******************************************************************/
/*  2016-02-02 17:06:17,971  INFO  IPCC 
/*   - ################### _HeatbeatExtNoOnline query status:On Break
/******************************************************************/

/******************************************************************/
/*  2016-02-02 17:06:24,969  INFO  IPCC 
/*   - ################### _HeatbeatExtNoOnline query status:On Break
/******************************************************************/

/******************************************************************/
/*  2016-02-02 17:06:31,970  INFO  IPCC 
/*   - ################### _HeatbeatExtNoOnline query status:On Break
/******************************************************************/

/******************************************************************/
/*  2016-02-02 17:06:38,966  INFO  IPCC 
/*   - ################### _HeatbeatExtNoOnline query status:On Break
/******************************************************************/

/******************************************************************/
/*  2016-02-02 17:06:45,979  INFO  IPCC 
/*   - ################### _HeatbeatExtNoOnline query status:On Break
/******************************************************************/

/******************************************************************/
/*  2016-02-02 17:06:52,976  INFO  IPCC 
/*   - ################### _HeatbeatExtNoOnline query status:On Break
/******************************************************************/

/******************************************************************/
/*  2016-02-02 17:06:59,973  INFO  IPCC 
/*   - ################### _HeatbeatExtNoOnline query status:On Break
/******************************************************************/

/******************************************************************/
/*  2016-02-02 17:07:06,967  INFO  IPCC 
/*   - ################### _HeatbeatExtNoOnline query status:On Break
/******************************************************************/

/******************************************************************/
/*  2016-02-02 17:07:13,970  INFO  IPCC 
/*   - ################### _HeatbeatExtNoOnline query status:On Break
/******************************************************************/

/******************************************************************/
/*  2016-02-02 17:07:20,977  INFO  IPCC 
/*   - ################### _HeatbeatExtNoOnline query status:On Break
/******************************************************************/

/******************************************************************/
/*  2016-02-02 17:07:27,968  INFO  IPCC 
/*   - ################### _HeatbeatExtNoOnline query status:On Break
/******************************************************************/

/******************************************************************/
/*  2016-02-02 17:07:34,972  INFO  IPCC 
/*   - ################### _HeatbeatExtNoOnline query status:On Break
/******************************************************************/

/******************************************************************/
/*  2016-02-02 17:07:41,976  INFO  IPCC 
/*   - ################### _HeatbeatExtNoOnline query status:On Break
/******************************************************************/

/******************************************************************/
/*  2016-02-02 17:07:48,980  INFO  IPCC 
/*   - ################### _HeatbeatExtNoOnline query status:On Break
/******************************************************************/

/******************************************************************/
/*  2016-02-02 17:07:55,971  INFO  IPCC 
/*   - ################### _HeatbeatExtNoOnline query status:On Break
/******************************************************************/

/******************************************************************/
/*  2016-02-02 17:08:02,972  INFO  IPCC 
/*   - ################### _HeatbeatExtNoOnline query status:On Break
/******************************************************************/

/******************************************************************/
/*  2016-02-02 17:08:09,974  INFO  IPCC 
/*   - ################### _HeatbeatExtNoOnline query status:On Break
/******************************************************************/

/******************************************************************/
/*  2016-02-02 17:08:16,968  INFO  IPCC 
/*   - ################### _HeatbeatExtNoOnline query status:On Break
/******************************************************************/

/******************************************************************/
/*  2016-02-02 17:08:28,382  INFO  IPCC 
/*   - ################### _HeatbeatExtNoOnline query status:On Break
/******************************************************************/

/******************************************************************/
/*  2016-02-02 17:08:30,970  INFO  IPCC 
/*   - ################### _HeatbeatExtNoOnline query status:On Break
/******************************************************************/

/******************************************************************/
/*  2016-02-02 17:08:37,974  INFO  IPCC 
/*   - ################### _HeatbeatExtNoOnline query status:On Break
/******************************************************************/

/******************************************************************/
/*  2016-02-02 17:08:44,974  INFO  IPCC 
/*   - ################### _HeatbeatExtNoOnline query status:On Break
/******************************************************************/

/******************************************************************/
/*  2016-02-02 17:08:51,970  INFO  IPCC 
/*   - ################### _HeatbeatExtNoOnline query status:On Break
/******************************************************************/

/******************************************************************/
/*  2016-02-02 17:08:58,980  INFO  IPCC 
/*   - ################### _HeatbeatExtNoOnline query status:On Break
/******************************************************************/

/******************************************************************/
/*  2016-02-02 17:09:05,975  INFO  IPCC 
/*   - ################### _HeatbeatExtNoOnline query status:On Break
/******************************************************************/

/******************************************************************/
/*  2016-02-02 17:09:12,969  INFO  IPCC 
/*   - ################### _HeatbeatExtNoOnline query status:On Break
/******************************************************************/

/******************************************************************/
/*  2016-02-02 17:09:19,971  INFO  IPCC 
/*   - ################### _HeatbeatExtNoOnline query status:On Break
/******************************************************************/

/******************************************************************/
/*  2016-02-02 17:09:26,980  INFO  IPCC 
/*   - ################### _HeatbeatExtNoOnline query status:On Break
/******************************************************************/

/******************************************************************/
/*  2016-02-02 17:09:33,965  INFO  IPCC 
/*   - ################### _HeatbeatExtNoOnline query status:On Break
/******************************************************************/

/******************************************************************/
/*  2016-02-02 17:09:40,972  INFO  IPCC 
/*   - ################### _HeatbeatExtNoOnline query status:On Break
/******************************************************************/

/******************************************************************/
/*  2016-02-02 17:09:47,972  INFO  IPCC 
/*   - ################### _HeatbeatExtNoOnline query status:On Break
/******************************************************************/

/******************************************************************/
/*  2016-02-02 17:09:54,973  INFO  IPCC 
/*   - ################### _HeatbeatExtNoOnline query status:On Break
/******************************************************************/

/******************************************************************/
/*  2016-02-02 17:10:03,156  INFO  IPCC 
/*   - ################### _HeatbeatExtNoOnline query status:On Break
/******************************************************************/

/******************************************************************/
/*  2016-02-02 17:10:08,964  INFO  IPCC 
/*   - ################### _HeatbeatExtNoOnline query status:On Break
/******************************************************************/

/******************************************************************/
/*  2016-02-02 17:10:15,970  INFO  IPCC 
/*   - ################### _HeatbeatExtNoOnline query status:On Break
/******************************************************************/

/******************************************************************/
/*  2016-02-02 17:10:22,971  INFO  IPCC 
/*   - ################### _HeatbeatExtNoOnline query status:On Break
/******************************************************************/

/******************************************************************/
/*  2016-02-02 17:10:29,970  INFO  IPCC 
/*   - ################### _HeatbeatExtNoOnline query status:On Break
/******************************************************************/

/******************************************************************/
/*  2016-02-02 17:10:36,968  INFO  IPCC 
/*   - ################### _HeatbeatExtNoOnline query status:On Break
/******************************************************************/

/******************************************************************/
/*  2016-02-02 17:10:43,964  INFO  IPCC 
/*   - ################### _HeatbeatExtNoOnline query status:On Break
/******************************************************************/

/******************************************************************/
/*  2016-02-02 17:10:50,970  INFO  IPCC 
/*   - ################### _HeatbeatExtNoOnline query status:On Break
/******************************************************************/

/******************************************************************/
/*  2016-02-02 17:10:58,398  INFO  IPCC 
/*   - ################### _HeatbeatExtNoOnline query status:On Break
/******************************************************************/

/******************************************************************/
/*  2016-02-02 17:11:05,074  INFO  IPCC 
/*   - ################### _HeatbeatExtNoOnline query status:On Break
/******************************************************************/

/******************************************************************/
/*  2016-02-02 17:11:12,072  INFO  IPCC 
/*   - ################### _HeatbeatExtNoOnline query status:On Break
/******************************************************************/

/******************************************************************/
/*  2016-02-02 17:11:19,085  INFO  IPCC 
/*   - ################### _HeatbeatExtNoOnline query status:On Break
/******************************************************************/

/******************************************************************/
/*  2016-02-02 17:11:25,965  INFO  IPCC 
/*   - ################### _HeatbeatExtNoOnline query status:On Break
/******************************************************************/

/******************************************************************/
/*  2016-02-02 17:11:32,975  INFO  IPCC 
/*   - ################### _HeatbeatExtNoOnline query status:On Break
/******************************************************************/

/******************************************************************/
/*  2016-02-02 17:11:39,973  INFO  IPCC 
/*   - ################### _HeatbeatExtNoOnline query status:On Break
/******************************************************************/

/******************************************************************/
/*  2016-02-02 17:11:46,971  INFO  IPCC 
/*   - ################### _HeatbeatExtNoOnline query status:On Break
/******************************************************************/

/******************************************************************/
/*  2016-02-02 17:11:53,965  INFO  IPCC 
/*   - ################### _HeatbeatExtNoOnline query status:On Break
/******************************************************************/

/******************************************************************/
/*  2016-02-02 17:12:00,969  INFO  IPCC 
/*   - ################### _HeatbeatExtNoOnline query status:On Break
/******************************************************************/

/******************************************************************/
/*  2016-02-02 17:12:07,970  INFO  IPCC 
/*   - ################### _HeatbeatExtNoOnline query status:On Break
/******************************************************************/

/******************************************************************/
/*  2016-02-02 17:12:14,969  INFO  IPCC 
/*   - ################### _HeatbeatExtNoOnline query status:On Break
/******************************************************************/

/******************************************************************/
/*  2016-02-02 17:12:21,973  INFO  IPCC 
/*   - ################### _HeatbeatExtNoOnline query status:On Break
/******************************************************************/

/******************************************************************/
/*  2016-02-02 17:12:28,971  INFO  IPCC 
/*   - ################### _HeatbeatExtNoOnline query status:On Break
/******************************************************************/

/******************************************************************/
/*  2016-02-02 17:12:35,985  INFO  IPCC 
/*   - ################### _HeatbeatExtNoOnline query status:On Break
/******************************************************************/

/******************************************************************/
/*  2016-02-02 17:12:42,960  INFO  IPCC 
/*   - ################### _HeatbeatExtNoOnline query status:On Break
/******************************************************************/

/******************************************************************/
/*  2016-02-02 17:12:49,970  INFO  IPCC 
/*   - ################### _HeatbeatExtNoOnline query status:On Break
/******************************************************************/

/******************************************************************/
/*  2016-02-02 17:13:18,010  INFO  IPCC 
/*   - ################### query status:On Break
/******************************************************************/

/******************************************************************/
/*  2016-02-02 17:13:20,075  INFO  IPCC 
/*   - ################### _HeatbeatExtNoOnline query status:On Break
/******************************************************************/

/******************************************************************/
/*  2016-02-02 17:13:22,592  INFO  IPCC 
/*   - ################### checkin:-ERR:Cannot execute script
/******************************************************************/

/******************************************************************/
/*  2016-02-02 17:13:23,448  INFO  IPCC 
/*   - ################### _HeatbeatExtNoOnline query status:On Break
/******************************************************************/

/******************************************************************/
/*  2016-02-02 17:19:28,979  INFO  IPCC 
/*   - ################### query status:On Break
/******************************************************************/

/******************************************************************/
/*  2016-02-02 17:19:31,355  INFO  IPCC 
/*   - ################### checkin:+OK
/******************************************************************/

/******************************************************************/
/*  2016-02-02 17:19:31,356  INFO  IPCC 
/*   - ################### _HeatbeatExtNoOnline query status:Available
/******************************************************************/

/******************************************************************/
/*  2016-02-02 17:19:33,997  INFO  IPCC 
/*   - wbPhoneList4DialBack url:http://115.236.175.110:17101/views/shared/tabContainer.htm?pageUrl=views/seat-client/call-for-dialback-v2x.htm
/******************************************************************/

/******************************************************************/
/*  2016-02-02 17:19:34,106  INFO  IPCC 
/*   - wbPhoneListQueueMember url:http://115.236.175.110:17101/views/shared/tabContainer.htm?pageUrl=views/seat-client/call-of-queuemember.htm
/******************************************************************/

/******************************************************************/
/*  2016-02-02 17:19:34,217  INFO  IPCC 
/*   - wbPhoneList4DialBack url:http://115.236.175.110:17101/script/my97datepicker/My97DatePicker.htm
/******************************************************************/

/******************************************************************/
/*  2016-02-02 17:19:34,912  INFO  IPCC 
/*   - wbPhoneListQueueMember url:http://115.236.175.110:17101/script/my97datepicker/My97DatePicker.htm
/******************************************************************/

/******************************************************************/
/*  2016-02-02 17:19:35,887  INFO  IPCC 
/*   - ################### _HeatbeatExtNoOnline query status:Available
/******************************************************************/

/******************************************************************/
/*  2016-02-02 17:19:42,395  INFO  IPCC 
/*   - ################### _HeatbeatExtNoOnline query status:Available
/******************************************************************/

/******************************************************************/
/*  2016-02-02 17:19:49,380  INFO  IPCC 
/*   - ################### _HeatbeatExtNoOnline query status:Available
/******************************************************************/

/******************************************************************/
/*  2016-02-02 17:19:56,396  INFO  IPCC 
/*   - ################### _HeatbeatExtNoOnline query status:Available
/******************************************************************/

/******************************************************************/
/*  2016-02-02 17:20:03,389  INFO  IPCC 
/*   - ################### _HeatbeatExtNoOnline query status:Available
/******************************************************************/

/******************************************************************/
/*  2016-02-02 17:20:08,565  INFO  IPCC 
/*   - wbPhoneListQueueMember url:about:blank
/******************************************************************/

/******************************************************************/
/*  2016-02-02 17:20:08,567  INFO  IPCC 
/*   - wbPhoneList4DialBack url:about:blank
/******************************************************************/

